  ReviewOF P.cpp
C:\Users\Samsung\source\repos\ReviewOF P\ReviewOF P.cpp(18,22): warning C4244: 'return': conversion from 'double' to 'short', possible loss of data
C:\Users\Samsung\source\repos\ReviewOF P\ReviewOF P.cpp(22,23): warning C4244: 'return': conversion from 'double' to 'short', possible loss of data
C:\Users\Samsung\source\repos\ReviewOF P\ReviewOF P.cpp(26,23): warning C4244: 'return': conversion from 'double' to 'short', possible loss of data
C:\Users\Samsung\source\repos\ReviewOF P\ReviewOF P.cpp(30,23): warning C4244: 'return': conversion from 'double' to 'short', possible loss of data
C:\Users\Samsung\source\repos\ReviewOF P\ReviewOF P.cpp(35,23): warning C4244: 'return': conversion from 'double' to 'short', possible loss of data
C:\Users\Samsung\source\repos\ReviewOF P\ReviewOF P.cpp(39,23): warning C4244: 'return': conversion from 'double' to 'short', possible loss of data
C:\Users\Samsung\source\repos\ReviewOF P\ReviewOF P.cpp(43,22): warning C4244: 'return': conversion from 'double' to 'short', possible loss of data
C:\Users\Samsung\source\repos\ReviewOF P\ReviewOF P.cpp(47,23): warning C4244: 'return': conversion from 'double' to 'short', possible loss of data
C:\Users\Samsung\source\repos\ReviewOF P\ReviewOF P.cpp(51,23): warning C4244: 'return': conversion from 'double' to 'short', possible loss of data
C:\Users\Samsung\source\repos\ReviewOF P\ReviewOF P.cpp(56,23): warning C4244: 'return': conversion from 'double' to 'short', possible loss of data
C:\Users\Samsung\source\repos\ReviewOF P\ReviewOF P.cpp(60,24): warning C4244: 'return': conversion from 'double' to 'short', possible loss of data
C:\Users\Samsung\source\repos\ReviewOF P\ReviewOF P.cpp(64,24): warning C4244: 'return': conversion from 'double' to 'short', possible loss of data
C:\Users\Samsung\source\repos\ReviewOF P\ReviewOF P.cpp(68,23): warning C4244: 'return': conversion from 'double' to 'short', possible loss of data
C:\Users\Samsung\source\repos\ReviewOF P\ReviewOF P.cpp(72,24): warning C4244: 'return': conversion from 'double' to 'short', possible loss of data
C:\Users\Samsung\source\repos\ReviewOF P\ReviewOF P.cpp(76,24): warning C4244: 'return': conversion from 'double' to 'short', possible loss of data
C:\Users\Samsung\source\repos\ReviewOF P\ReviewOF P.cpp(80,23): warning C4244: 'return': conversion from 'double' to 'short', possible loss of data
C:\Users\Samsung\source\repos\ReviewOF P\ReviewOF P.cpp(24,5): warning C4808: case '2' is not a valid value for switch condition of type 'bool'
C:\Users\Samsung\source\repos\ReviewOF P\ReviewOF P.cpp(28,5): warning C4808: case '3' is not a valid value for switch condition of type 'bool'
C:\Users\Samsung\source\repos\ReviewOF P\ReviewOF P.cpp(33,5): warning C4808: case '4' is not a valid value for switch condition of type 'bool'
C:\Users\Samsung\source\repos\ReviewOF P\ReviewOF P.cpp(37,5): warning C4808: case '5' is not a valid value for switch condition of type 'bool'
C:\Users\Samsung\source\repos\ReviewOF P\ReviewOF P.cpp(41,5): warning C4808: case '6' is not a valid value for switch condition of type 'bool'
C:\Users\Samsung\source\repos\ReviewOF P\ReviewOF P.cpp(45,5): warning C4808: case '7' is not a valid value for switch condition of type 'bool'
C:\Users\Samsung\source\repos\ReviewOF P\ReviewOF P.cpp(49,5): warning C4808: case '8' is not a valid value for switch condition of type 'bool'
C:\Users\Samsung\source\repos\ReviewOF P\ReviewOF P.cpp(54,5): warning C4808: case '9' is not a valid value for switch condition of type 'bool'
C:\Users\Samsung\source\repos\ReviewOF P\ReviewOF P.cpp(58,5): warning C4808: case '10' is not a valid value for switch condition of type 'bool'
C:\Users\Samsung\source\repos\ReviewOF P\ReviewOF P.cpp(62,5): warning C4808: case '11' is not a valid value for switch condition of type 'bool'
C:\Users\Samsung\source\repos\ReviewOF P\ReviewOF P.cpp(66,5): warning C4808: case '12' is not a valid value for switch condition of type 'bool'
C:\Users\Samsung\source\repos\ReviewOF P\ReviewOF P.cpp(70,5): warning C4808: case '13' is not a valid value for switch condition of type 'bool'
C:\Users\Samsung\source\repos\ReviewOF P\ReviewOF P.cpp(74,5): warning C4808: case '14' is not a valid value for switch condition of type 'bool'
C:\Users\Samsung\source\repos\ReviewOF P\ReviewOF P.cpp(78,5): warning C4808: case '15' is not a valid value for switch condition of type 'bool'
C:\Users\Samsung\source\repos\ReviewOF P\ReviewOF P.cpp(87,15): warning C4244: 'return': conversion from 'double' to 'short', possible loss of data
C:\Users\Samsung\source\repos\ReviewOF P\ReviewOF P.cpp(96,22): warning C4244: 'return': conversion from 'double' to 'short', possible loss of data
C:\Users\Samsung\source\repos\ReviewOF P\ReviewOF P.cpp(98,18): warning C4244: 'return': conversion from 'double' to 'short', possible loss of data
C:\Users\Samsung\source\repos\ReviewOF P\ReviewOF P.cpp(100,18): warning C4244: 'return': conversion from 'double' to 'short', possible loss of data
C:\Users\Samsung\source\repos\ReviewOF P\ReviewOF P.cpp(102,18): warning C4244: 'return': conversion from 'double' to 'short', possible loss of data
C:\Users\Samsung\source\repos\ReviewOF P\ReviewOF P.cpp(104,18): warning C4244: 'return': conversion from 'double' to 'short', possible loss of data
C:\Users\Samsung\source\repos\ReviewOF P\ReviewOF P.cpp(106,18): warning C4244: 'return': conversion from 'double' to 'short', possible loss of data
C:\Users\Samsung\source\repos\ReviewOF P\ReviewOF P.cpp(108,18): warning C4244: 'return': conversion from 'double' to 'short', possible loss of data
C:\Users\Samsung\source\repos\ReviewOF P\ReviewOF P.cpp(114,15): warning C4244: 'return': conversion from 'double' to 'short', possible loss of data
C:\Users\Samsung\source\repos\ReviewOF P\ReviewOF P.cpp(171,45): warning C4244: '=': conversion from 'int' to 'float', possible loss of data
C:\Users\Samsung\source\repos\ReviewOF P\ReviewOF P.cpp(179,20): warning C4267: 'initializing': conversion from 'size_t' to 'short', possible loss of data
  ReviewOF P.vcxproj -> C:\Users\Samsung\source\repos\ReviewOF P\x64\Debug\ReviewOF P.exe
